{
"/home/fizzy/Desktop/inverted-index-api/src/inverted-index.js":{"path":"/home/fizzy/Desktop/inverted-index-api/src/inverted-index.js","s":{"17":1,"19":1,"32":1,"33":1,"35":3,"36":3,"38":1,"39":13,"40":13,"41":13,"42":4,"43":4,"44":9,"45":9,"46":5,"47":5,"48":4,"49":5,"50":5,"51":3,"52":2,"53":5,"54":3,"55":3,"56":3,"57":3,"58":1,"59":2,"60":2,"61":2,"62":4,"63":4,"64":4,"65":4,"66":4,"67":4,"68":68,"69":44,"70":24,"71":18,"72":4,"73":2,"74":2,"75":5,"76":5,"77":0,"78":5,"79":5,"80":5,"81":0,"82":0,"83":0,"84":0,"85":0,"86":0,"87":0,"88":0,"89":5,"90":5,"91":5,"92":3,"93":2,"94":2,"95":1,"96":1,"97":1,"98":1,"99":0,"100":0,"101":0,"102":0,"103":0,"104":0,"105":0,"106":0,"107":0,"108":0,"109":0,"110":0,"111":0,"112":0,"113":0,"115":1},"f":{"8":3,"9":1,"10":13,"11":5,"12":3,"13":4,"14":68,"15":5,"16":0,"17":5,"18":0},"l":{"1":1,"2":1,"8":1,"12":1,"13":3,"15":3,"19":1,"29":13,"30":13,"31":13,"32":4,"33":4,"36":9,"37":9,"38":5,"39":5,"42":4,"53":5,"54":5,"55":3,"57":2,"59":5,"71":3,"72":3,"73":3,"74":3,"75":1,"78":2,"79":2,"80":2,"82":4,"83":4,"86":4,"87":4,"90":4,"91":4,"92":68,"93":44,"94":24,"95":18,"99":4,"101":2,"102":2,"114":5,"115":5,"116":5,"117":5,"118":5,"120":0,"121":0,"122":0,"123":0,"124":0,"125":0,"127":0,"130":0,"139":0,"140":0,"141":0,"142":0,"143":0,"144":0,"145":0,"146":0,"148":0,"149":0,"150":0,"151":0,"152":0,"156":0,"168":5,"169":5,"170":5,"171":3,"173":2,"174":2,"175":1,"177":1,"178":1,"179":1,"181":0},"b":{"9":[4,9],"10":[5,4],"11":[3,2],"12":[1,2],"13":[44,24],"14":[18,6],"15":[5,0],"16":[0,0],"17":[3,2],"18":[1,1],"19":[1,0],"20":[0,0],"21":[0,0],"22":[0,0],"23":[0,0]},"statementMap":{"17":{"start":{"line":1,"column":0},"end":{"line":null,"column":null}},"19":{"start":{"line":2,"column":0},"end":{"line":null,"column":null}},"32":{"start":{"line":8,"column":21},"end":{"line":null,"column":null}},"33":{"start":{"line":12,"column":16},"end":{"line":null,"column":null}},"35":{"start":{"line":13,"column":9},"end":{"line":null,"column":null}},"36":{"start":{"line":15,"column":9},"end":{"line":null,"column":null}},"38":{"start":{"line":19,"column":11},"end":{"line":null,"column":null}},"39":{"start":{"line":29,"column":9},"end":{"line":null,"column":null}},"40":{"start":{"line":30,"column":8},"end":{"line":null,"column":null}},"41":{"start":{"line":31,"column":8},"end":{"line":null,"column":null}},"42":{"start":{"line":32,"column":11},"end":{"line":null,"column":null}},"43":{"start":{"line":33,"column":13},"end":{"line":null,"column":null}},"44":{"start":{"line":36,"column":12},"end":{"line":null,"column":null}},"45":{"start":{"line":37,"column":8},"end":{"line":null,"column":null}},"46":{"start":{"line":38,"column":11},"end":{"line":null,"column":null}},"47":{"start":{"line":39,"column":13},"end":{"line":null,"column":null}},"48":{"start":{"line":42,"column":11},"end":{"line":null,"column":null}},"49":{"start":{"line":53,"column":10},"end":{"line":null,"column":null}},"50":{"start":{"line":54,"column":8},"end":{"line":null,"column":null}},"51":{"start":{"line":55,"column":11},"end":{"line":null,"column":null}},"52":{"start":{"line":57,"column":11},"end":{"line":null,"column":null}},"53":{"start":{"line":59,"column":11},"end":{"line":null,"column":null}},"54":{"start":{"line":71,"column":10},"end":{"line":null,"column":null}},"55":{"start":{"line":72,"column":10},"end":{"line":null,"column":null}},"56":{"start":{"line":73,"column":10},"end":{"line":null,"column":null}},"57":{"start":{"line":74,"column":8},"end":{"line":null,"column":null}},"58":{"start":{"line":75,"column":13},"end":{"line":null,"column":null}},"59":{"start":{"line":78,"column":10},"end":{"line":null,"column":null}},"60":{"start":{"line":79,"column":8},"end":{"line":null,"column":null}},"61":{"start":{"line":80,"column":9},"end":{"line":null,"column":null}},"62":{"start":{"line":82,"column":10},"end":{"line":null,"column":null}},"63":{"start":{"line":83,"column":10},"end":{"line":null,"column":null}},"64":{"start":{"line":86,"column":14},"end":{"line":null,"column":null}},"65":{"start":{"line":87,"column":13},"end":{"line":null,"column":null}},"66":{"start":{"line":90,"column":12},"end":{"line":null,"column":null}},"67":{"start":{"line":91,"column":17},"end":{"line":null,"column":null}},"68":{"start":{"line":92,"column":12},"end":{"line":null,"column":null}},"69":{"start":{"line":93,"column":16},"end":{"line":null,"column":null}},"70":{"start":{"line":94,"column":15},"end":{"line":null,"column":null}},"71":{"start":{"line":95,"column":16},"end":{"line":null,"column":null}},"72":{"start":{"line":99,"column":19},"end":{"line":null,"column":null}},"73":{"start":{"line":101,"column":9},"end":{"line":null,"column":null}},"74":{"start":{"line":102,"column":11},"end":{"line":null,"column":null}},"75":{"start":{"line":115,"column":10},"end":{"line":null,"column":null}},"76":{"start":{"line":114,"column":34},"end":{"line":null,"column":null}},"77":{"start":{"line":114,"column":41},"end":{"line":null,"column":null}},"78":{"start":{"line":116,"column":10},"end":{"line":null,"column":null}},"79":{"start":{"line":117,"column":8},"end":{"line":null,"column":null}},"80":{"start":{"line":118,"column":13},"end":{"line":null,"column":null}},"81":{"start":{"line":120,"column":10},"end":{"line":null,"column":null}},"82":{"start":{"line":121,"column":10},"end":{"line":null,"column":null}},"83":{"start":{"line":122,"column":16},"end":{"line":null,"column":null}},"84":{"start":{"line":123,"column":12},"end":{"line":null,"column":null}},"85":{"start":{"line":124,"column":10},"end":{"line":null,"column":null}},"86":{"start":{"line":125,"column":21},"end":{"line":null,"column":null}},"87":{"start":{"line":127,"column":21},"end":{"line":null,"column":null}},"88":{"start":{"line":130,"column":11},"end":{"line":null,"column":null}},"89":{"start":{"line":168,"column":9},"end":{"line":null,"column":null}},"90":{"start":{"line":169,"column":9},"end":{"line":null,"column":null}},"91":{"start":{"line":170,"column":8},"end":{"line":null,"column":null}},"92":{"start":{"line":171,"column":13},"end":{"line":null,"column":null}},"93":{"start":{"line":173,"column":9},"end":{"line":null,"column":null}},"94":{"start":{"line":174,"column":8},"end":{"line":null,"column":null}},"95":{"start":{"line":175,"column":13},"end":{"line":null,"column":null}},"96":{"start":{"line":177,"column":9},"end":{"line":null,"column":null}},"97":{"start":{"line":178,"column":8},"end":{"line":null,"column":null}},"98":{"start":{"line":179,"column":13},"end":{"line":null,"column":null}},"99":{"start":{"line":181,"column":11},"end":{"line":null,"column":null}},"100":{"start":{"line":139,"column":28},"end":{"line":null,"column":null}},"101":{"start":{"line":140,"column":10},"end":{"line":null,"column":null}},"102":{"start":{"line":141,"column":8},"end":{"line":139,"column":46}},"103":{"start":{"line":142,"column":9},"end":{"line":null,"column":null}},"104":{"start":{"line":143,"column":13},"end":{"line":null,"column":null}},"105":{"start":{"line":144,"column":10},"end":{"line":null,"column":null}},"106":{"start":{"line":145,"column":14},"end":{"line":144,"column":31}},"107":{"start":{"line":146,"column":12},"end":{"line":144,"column":31}},"108":{"start":{"line":148,"column":14},"end":{"line":null,"column":null}},"109":{"start":{"line":149,"column":14},"end":{"line":null,"column":null}},"110":{"start":{"line":150,"column":12},"end":{"line":null,"column":null}},"111":{"start":{"line":151,"column":16},"end":{"line":null,"column":null}},"112":{"start":{"line":152,"column":14},"end":{"line":null,"column":null}},"113":{"start":{"line":156,"column":11},"end":{"line":null,"column":null}},"115":{"start":{"line":8,"column":21},"end":{"line":null,"column":null}}},"fnMap":{"8":{"name":"InvertedIndex","line":12,"loc":{"start":{"line":12,"column":16},"end":{"line":12,"column":16}}},"9":{"name":"getFileContent","line":18,"loc":{"start":{"line":18,"column":19},"end":{"line":18,"column":19}}},"10":{"name":"isFileValid","line":28,"loc":{"start":{"line":28,"column":14},"end":{"line":28,"column":37}}},"11":{"name":"readFile","line":52,"loc":{"start":{"line":52,"column":11},"end":{"line":52,"column":34}}},"12":{"name":"createIndex","line":70,"loc":{"start":{"line":70,"column":14},"end":{"line":70,"column":37}}},"13":{"name":"(anonymous_13)","line":80,"loc":{"start":{"line":80,"column":17},"end":{"line":80,"column":26}}},"14":{"name":"(anonymous_14)","line":91,"loc":{"start":{"line":91,"column":25},"end":{"line":91,"column":35}}},"15":{"name":"searchIndex","line":114,"loc":{"start":{"line":114,"column":14},"end":{"line":114,"column":41}}},"16":{"name":"(anonymous_16)","line":122,"loc":{"start":{"line":122,"column":24},"end":{"line":122,"column":34}}},"17":{"name":"validateSearch","line":167,"loc":{"start":{"line":167,"column":17},"end":{"line":167,"column":47}}},"18":{"name":"flattenSearchTerms","line":139,"loc":{"start":{"line":139,"column":46},"end":{"line":139,"column":46}}}},"branchMap":{"9":{"line":31,"type":"if","locations":[{"start":{"line":31,"column":8},"end":{"line":31,"column":8}},{"start":{"line":31,"column":8},"end":{"line":31,"column":8}}]},"10":{"line":37,"type":"if","locations":[{"start":{"line":37,"column":8},"end":{"line":37,"column":8}},{"start":{"line":37,"column":8},"end":{"line":37,"column":8}}]},"11":{"line":54,"type":"if","locations":[{"start":{"line":54,"column":8},"end":{"line":54,"column":8}},{"start":{"line":54,"column":8},"end":{"line":54,"column":8}}]},"12":{"line":74,"type":"if","locations":[{"start":{"line":74,"column":8},"end":{"line":74,"column":8}},{"start":{"line":74,"column":8},"end":{"line":74,"column":8}}]},"13":{"line":92,"type":"if","locations":[{"start":{"line":92,"column":12},"end":{"line":92,"column":12}},{"start":{"line":92,"column":12},"end":{"line":92,"column":12}}]},"14":{"line":94,"type":"if","locations":[{"start":{"line":94,"column":15},"end":{"line":94,"column":15}},{"start":{"line":94,"column":15},"end":{"line":94,"column":15}}]},"15":{"line":117,"type":"if","locations":[{"start":{"line":117,"column":8},"end":{"line":117,"column":8}},{"start":{"line":117,"column":8},"end":{"line":117,"column":8}}]},"16":{"line":124,"type":"if","locations":[{"start":{"line":124,"column":10},"end":{"line":124,"column":10}},{"start":{"line":124,"column":10},"end":{"line":124,"column":10}}]},"17":{"line":170,"type":"if","locations":[{"start":{"line":170,"column":8},"end":{"line":170,"column":8}},{"start":{"line":170,"column":8},"end":{"line":170,"column":8}}]},"18":{"line":174,"type":"if","locations":[{"start":{"line":174,"column":8},"end":{"line":174,"column":8}},{"start":{"line":174,"column":8},"end":{"line":174,"column":8}}]},"19":{"line":178,"type":"if","locations":[{"start":{"line":178,"column":8},"end":{"line":178,"column":8}},{"start":{"line":178,"column":8},"end":{"line":178,"column":8}}]},"20":{"line":139,"type":"cond-expr","locations":[{"start":{"line":139,"column":42},"end":{"line":139,"column":42}},{"start":{"line":139,"column":42},"end":{"line":139,"column":46}}]},"21":{"line":139,"type":"binary-expr","locations":[{"start":{"line":139,"column":42},"end":{"line":139,"column":42}},{"start":{"line":139,"column":42},"end":{"line":139,"column":42}}]},"22":{"line":144,"type":"if","locations":[{"start":{"line":144,"column":10},"end":{"line":144,"column":10}},{"start":{"line":144,"column":10},"end":{"line":144,"column":10}}]},"23":{"line":150,"type":"if","locations":[{"start":{"line":150,"column":12},"end":{"line":150,"column":12}},{"start":{"line":150,"column":12},"end":{"line":150,"column":12}}]}}},
"/home/fizzy/Desktop/inverted-index-api/src/create-index-validator.js":{"path":"/home/fizzy/Desktop/inverted-index-api/src/create-index-validator.js","s":{"20":1,"24":6,"25":6,"26":6,"27":6,"28":0,"29":6,"30":6,"31":6,"32":6,"33":10,"34":10,"35":2,"36":2,"37":2,"38":0,"39":6,"40":13,"41":13,"42":4,"43":9,"44":0,"45":9,"46":9,"47":9,"48":0,"49":13,"50":9,"51":9,"52":9,"53":2,"54":7,"55":1,"56":6,"57":6,"58":6,"59":0,"60":6,"61":2,"62":0,"63":0,"64":9,"66":1},"f":{"7":6,"8":6,"9":10,"10":13,"11":9},"l":{"5":1,"13":6,"14":6,"15":6,"16":6,"18":0,"20":6,"28":6,"29":6,"30":6,"31":10,"33":10,"35":2,"39":2,"40":2,"42":0,"45":6,"57":13,"58":13,"59":4,"60":9,"61":0,"62":9,"63":9,"64":9,"65":0,"68":13,"79":9,"80":9,"81":9,"82":2,"83":7,"84":1,"85":6,"86":6,"87":6,"88":0,"89":6,"90":2,"92":0,"93":0,"95":9},"b":{"6":[2,8],"7":[10,10,8],"8":[2,0],"9":[4,9],"10":[13,10],"11":[0,9],"12":[9,0],"13":[0,9],"14":[2,7],"15":[1,6],"16":[6,0],"17":[0,6],"18":[2,4],"19":[0,0]},"statementMap":{"20":{"start":{"line":5,"column":21},"end":{"line":null,"column":null}},"24":{"start":{"line":13,"column":8},"end":{"line":null,"column":null}},"25":{"start":{"line":14,"column":8},"end":{"line":null,"column":null}},"26":{"start":{"line":15,"column":12},"end":{"line":null,"column":null}},"27":{"start":{"line":16,"column":11},"end":{"line":null,"column":null}},"28":{"start":{"line":18,"column":15},"end":{"line":null,"column":null}},"29":{"start":{"line":20,"column":11},"end":{"line":null,"column":null}},"30":{"start":{"line":28,"column":8},"end":{"line":null,"column":null}},"31":{"start":{"line":29,"column":8},"end":{"line":null,"column":null}},"32":{"start":{"line":30,"column":18},"end":{"line":null,"column":null}},"33":{"start":{"line":31,"column":14},"end":{"line":null,"column":null}},"34":{"start":{"line":33,"column":12},"end":{"line":null,"column":null}},"35":{"start":{"line":35,"column":16},"end":{"line":null,"column":null}},"36":{"start":{"line":39,"column":10},"end":{"line":null,"column":null}},"37":{"start":{"line":40,"column":22},"end":{"line":null,"column":null}},"38":{"start":{"line":42,"column":14},"end":{"line":null,"column":null}},"39":{"start":{"line":45,"column":11},"end":{"line":null,"column":null}},"40":{"start":{"line":57,"column":8},"end":{"line":null,"column":null}},"41":{"start":{"line":58,"column":8},"end":{"line":null,"column":null}},"42":{"start":{"line":59,"column":14},"end":{"line":null,"column":null}},"43":{"start":{"line":60,"column":11},"end":{"line":null,"column":null}},"44":{"start":{"line":61,"column":11},"end":{"line":null,"column":null}},"45":{"start":{"line":62,"column":11},"end":{"line":null,"column":null}},"46":{"start":{"line":63,"column":12},"end":{"line":null,"column":null}},"47":{"start":{"line":64,"column":10},"end":{"line":null,"column":null}},"48":{"start":{"line":65,"column":16},"end":{"line":null,"column":null}},"49":{"start":{"line":68,"column":11},"end":{"line":null,"column":null}},"50":{"start":{"line":79,"column":8},"end":{"line":null,"column":null}},"51":{"start":{"line":80,"column":8},"end":{"line":null,"column":null}},"52":{"start":{"line":81,"column":8},"end":{"line":null,"column":null}},"53":{"start":{"line":82,"column":14},"end":{"line":null,"column":null}},"54":{"start":{"line":83,"column":11},"end":{"line":null,"column":null}},"55":{"start":{"line":84,"column":14},"end":{"line":null,"column":null}},"56":{"start":{"line":85,"column":11},"end":{"line":null,"column":null}},"57":{"start":{"line":86,"column":24},"end":{"line":null,"column":null}},"58":{"start":{"line":87,"column":10},"end":{"line":null,"column":null}},"59":{"start":{"line":88,"column":16},"end":{"line":null,"column":null}},"60":{"start":{"line":89,"column":13},"end":{"line":null,"column":null}},"61":{"start":{"line":90,"column":16},"end":{"line":null,"column":null}},"62":{"start":{"line":92,"column":11},"end":{"line":null,"column":null}},"63":{"start":{"line":93,"column":14},"end":{"line":null,"column":null}},"64":{"start":{"line":95,"column":11},"end":{"line":null,"column":null}},"66":{"start":{"line":5,"column":21},"end":{"line":null,"column":null}}},"fnMap":{"7":{"name":"isJSON","line":12,"loc":{"start":{"line":12,"column":16},"end":{"line":12,"column":29}}},"8":{"name":"isMalformed","line":27,"loc":{"start":{"line":27,"column":21},"end":{"line":27,"column":34}}},"9":{"name":"(anonymous_9)","line":30,"loc":{"start":{"line":30,"column":26},"end":{"line":30,"column":35}}},"10":{"name":"checkFileName","line":56,"loc":{"start":{"line":56,"column":23},"end":{"line":56,"column":33}}},"11":{"name":"checkFileContent","line":78,"loc":{"start":{"line":78,"column":26},"end":{"line":78,"column":39}}}},"branchMap":{"6":{"line":33,"type":"if","locations":[{"start":{"line":33,"column":12},"end":{"line":33,"column":12}},{"start":{"line":33,"column":12},"end":{"line":33,"column":12}}]},"7":{"line":33,"type":"binary-expr","locations":[{"start":{"line":33,"column":12},"end":{"line":33,"column":12}},{"start":{"line":33,"column":30},"end":{"line":33,"column":12}},{"start":{"line":33,"column":44},"end":{"line":33,"column":8}}]},"8":{"line":39,"type":"if","locations":[{"start":{"line":39,"column":10},"end":{"line":39,"column":10}},{"start":{"line":39,"column":10},"end":{"line":39,"column":10}}]},"9":{"line":58,"type":"if","locations":[{"start":{"line":58,"column":8},"end":{"line":58,"column":8}},{"start":{"line":58,"column":8},"end":{"line":58,"column":8}}]},"10":{"line":58,"type":"binary-expr","locations":[{"start":{"line":58,"column":8},"end":{"line":58,"column":8}},{"start":{"line":58,"column":21},"end":{"line":58,"column":4}}]},"11":{"line":60,"type":"if","locations":[{"start":{"line":60,"column":11},"end":{"line":60,"column":11}},{"start":{"line":60,"column":11},"end":{"line":60,"column":11}}]},"12":{"line":62,"type":"if","locations":[{"start":{"line":62,"column":11},"end":{"line":62,"column":11}},{"start":{"line":62,"column":11},"end":{"line":62,"column":11}}]},"13":{"line":64,"type":"if","locations":[{"start":{"line":64,"column":10},"end":{"line":64,"column":10}},{"start":{"line":64,"column":10},"end":{"line":64,"column":10}}]},"14":{"line":81,"type":"if","locations":[{"start":{"line":81,"column":8},"end":{"line":81,"column":8}},{"start":{"line":81,"column":8},"end":{"line":81,"column":8}}]},"15":{"line":83,"type":"if","locations":[{"start":{"line":83,"column":11},"end":{"line":83,"column":11}},{"start":{"line":83,"column":11},"end":{"line":83,"column":11}}]},"16":{"line":85,"type":"if","locations":[{"start":{"line":85,"column":11},"end":{"line":85,"column":11}},{"start":{"line":85,"column":11},"end":{"line":85,"column":11}}]},"17":{"line":87,"type":"if","locations":[{"start":{"line":87,"column":10},"end":{"line":87,"column":10}},{"start":{"line":87,"column":10},"end":{"line":87,"column":10}}]},"18":{"line":89,"type":"if","locations":[{"start":{"line":89,"column":13},"end":{"line":89,"column":13}},{"start":{"line":89,"column":13},"end":{"line":89,"column":13}}]},"19":{"line":92,"type":"if","locations":[{"start":{"line":92,"column":11},"end":{"line":92,"column":11}},{"start":{"line":92,"column":11},"end":{"line":92,"column":11}}]}}},
"/home/fizzy/Desktop/inverted-index-api/src/search-index-validator.js":{"path":"/home/fizzy/Desktop/inverted-index-api/src/search-index-validator.js","s":{"23":1,"27":5,"28":5,"29":1,"30":4,"31":2,"32":2,"33":2,"34":2,"35":0,"36":5,"37":2,"38":2,"39":1,"40":1,"41":0,"42":1,"43":1,"44":1,"45":0,"46":2,"47":1,"48":1,"49":1,"50":1,"52":1},"f":{"9":5,"10":2,"11":1},"l":{"5":1,"13":5,"14":5,"15":1,"16":4,"17":2,"18":2,"19":2,"20":2,"21":0,"24":5,"34":2,"35":2,"36":1,"37":1,"38":0,"39":1,"40":1,"41":1,"42":0,"45":2,"54":1,"55":1,"56":1,"58":1},"b":{"10":[1,4],"11":[2,2],"12":[0,4],"13":[2,0],"14":[0,2],"15":[0,2],"16":[1,1],"17":[0,1],"18":[1,0],"19":[0,1],"20":[1,0],"21":[1,1]},"statementMap":{"23":{"start":{"line":5,"column":21},"end":{"line":null,"column":null}},"27":{"start":{"line":13,"column":8},"end":{"line":null,"column":null}},"28":{"start":{"line":14,"column":8},"end":{"line":null,"column":null}},"29":{"start":{"line":15,"column":21},"end":{"line":null,"column":null}},"30":{"start":{"line":16,"column":11},"end":{"line":null,"column":null}},"31":{"start":{"line":17,"column":21},"end":{"line":null,"column":null}},"32":{"start":{"line":18,"column":11},"end":{"line":null,"column":null}},"33":{"start":{"line":19,"column":12},"end":{"line":null,"column":null}},"34":{"start":{"line":20,"column":10},"end":{"line":null,"column":null}},"35":{"start":{"line":21,"column":23},"end":{"line":null,"column":null}},"36":{"start":{"line":24,"column":11},"end":{"line":null,"column":null}},"37":{"start":{"line":34,"column":8},"end":{"line":null,"column":null}},"38":{"start":{"line":35,"column":8},"end":{"line":null,"column":null}},"39":{"start":{"line":36,"column":21},"end":{"line":null,"column":null}},"40":{"start":{"line":37,"column":11},"end":{"line":null,"column":null}},"41":{"start":{"line":38,"column":21},"end":{"line":null,"column":null}},"42":{"start":{"line":39,"column":11},"end":{"line":null,"column":null}},"43":{"start":{"line":40,"column":12},"end":{"line":null,"column":null}},"44":{"start":{"line":41,"column":10},"end":{"line":null,"column":null}},"45":{"start":{"line":42,"column":23},"end":{"line":null,"column":null}},"46":{"start":{"line":45,"column":11},"end":{"line":null,"column":null}},"47":{"start":{"line":54,"column":8},"end":{"line":null,"column":null}},"48":{"start":{"line":55,"column":8},"end":{"line":null,"column":null}},"49":{"start":{"line":56,"column":21},"end":{"line":null,"column":null}},"50":{"start":{"line":58,"column":11},"end":{"line":null,"column":null}},"52":{"start":{"line":5,"column":21},"end":{"line":null,"column":null}}},"fnMap":{"9":{"name":"checkIndex","line":12,"loc":{"start":{"line":12,"column":20},"end":{"line":12,"column":27}}},"10":{"name":"checkFileName","line":33,"loc":{"start":{"line":33,"column":23},"end":{"line":33,"column":33}}},"11":{"name":"checkSearchTerms","line":53,"loc":{"start":{"line":53,"column":26},"end":{"line":53,"column":39}}}},"branchMap":{"10":{"line":14,"type":"if","locations":[{"start":{"line":14,"column":8},"end":{"line":14,"column":8}},{"start":{"line":14,"column":8},"end":{"line":14,"column":8}}]},"11":{"line":16,"type":"if","locations":[{"start":{"line":16,"column":11},"end":{"line":16,"column":11}},{"start":{"line":16,"column":11},"end":{"line":16,"column":11}}]},"12":{"line":16,"type":"cond-expr","locations":[{"start":{"line":16,"column":22},"end":{"line":16,"column":22}},{"start":{"line":16,"column":22},"end":{"line":16,"column":32}}]},"13":{"line":18,"type":"if","locations":[{"start":{"line":18,"column":11},"end":{"line":18,"column":11}},{"start":{"line":18,"column":11},"end":{"line":18,"column":11}}]},"14":{"line":18,"type":"cond-expr","locations":[{"start":{"line":18,"column":22},"end":{"line":18,"column":22}},{"start":{"line":18,"column":22},"end":{"line":18,"column":32}}]},"15":{"line":20,"type":"if","locations":[{"start":{"line":20,"column":10},"end":{"line":20,"column":10}},{"start":{"line":20,"column":10},"end":{"line":20,"column":10}}]},"16":{"line":35,"type":"if","locations":[{"start":{"line":35,"column":8},"end":{"line":35,"column":8}},{"start":{"line":35,"column":8},"end":{"line":35,"column":8}}]},"17":{"line":37,"type":"if","locations":[{"start":{"line":37,"column":11},"end":{"line":37,"column":11}},{"start":{"line":37,"column":11},"end":{"line":37,"column":11}}]},"18":{"line":39,"type":"if","locations":[{"start":{"line":39,"column":11},"end":{"line":39,"column":11}},{"start":{"line":39,"column":11},"end":{"line":39,"column":11}}]},"19":{"line":41,"type":"if","locations":[{"start":{"line":41,"column":10},"end":{"line":41,"column":10}},{"start":{"line":41,"column":10},"end":{"line":41,"column":10}}]},"20":{"line":55,"type":"if","locations":[{"start":{"line":55,"column":8},"end":{"line":55,"column":8}},{"start":{"line":55,"column":8},"end":{"line":55,"column":8}}]},"21":{"line":55,"type":"binary-expr","locations":[{"start":{"line":55,"column":8},"end":{"line":55,"column":8}},{"start":{"line":55,"column":24},"end":{"line":55,"column":4}}]}}}}
