{
"/home/fizzy/Desktop/inverted-index-api/src/inverted-index.js":{"path":"/home/fizzy/Desktop/inverted-index-api/src/inverted-index.js","s":{"17":1,"19":1,"37":1,"38":1,"40":4,"41":4,"42":4,"44":1,"45":17,"46":17,"47":17,"48":4,"49":4,"50":13,"51":13,"52":4,"53":4,"54":9,"55":11,"56":11,"57":8,"58":3,"59":11,"60":9,"61":9,"62":9,"63":9,"64":2,"65":7,"66":7,"67":7,"68":14,"69":14,"70":14,"71":14,"72":14,"73":14,"74":211,"75":115,"76":96,"77":60,"78":14,"79":7,"80":7,"82":6,"83":6,"84":2,"85":6,"86":6,"87":6,"88":5,"89":1,"90":0,"91":0,"92":1,"93":1,"94":1,"95":2,"96":1,"97":2,"98":2,"99":2,"100":2,"101":0,"102":2,"103":2,"104":12,"105":12,"106":3,"107":9,"108":2,"109":8,"110":8,"111":8,"112":4,"113":4,"114":4,"115":0,"116":4,"117":4,"118":1,"119":3,"120":6,"121":6,"122":6,"123":6,"124":14,"125":14,"126":1,"127":1,"128":13,"129":13,"130":13,"131":2,"132":2,"133":6,"135":1},"f":{"9":4,"10":1,"11":17,"12":11,"13":9,"14":14,"15":211,"16":6,"17":2,"18":2,"19":12,"20":8,"21":6},"l":{"1":1,"2":1,"8":1,"12":1,"13":4,"15":4,"16":4,"20":1,"30":17,"31":17,"32":17,"33":4,"34":4,"37":13,"38":13,"39":4,"40":4,"43":9,"54":11,"55":11,"56":8,"58":3,"60":11,"72":9,"73":9,"74":9,"75":9,"76":2,"79":7,"80":7,"81":7,"83":14,"84":14,"87":14,"88":14,"91":14,"92":14,"93":211,"94":115,"95":96,"96":60,"100":14,"102":7,"103":7,"115":6,"116":6,"117":6,"118":6,"119":5,"122":1,"123":0,"124":0,"127":1,"128":1,"129":1,"130":2,"132":1,"145":2,"146":2,"147":2,"148":2,"149":0,"151":2,"152":2,"153":12,"154":12,"155":3,"157":9,"160":2,"170":6,"171":6,"172":6,"173":6,"174":14,"175":14,"176":1,"177":1,"179":13,"180":13,"181":13,"182":2,"183":2,"187":6,"199":8,"200":8,"201":8,"202":4,"204":4,"205":4,"206":0,"208":4,"209":4,"210":1,"212":3},"b":{"10":[4,13],"11":[4,9],"12":[8,3],"13":[2,7],"14":[115,96],"15":[60,36],"16":[1,5],"17":[6,3],"18":[5,1],"19":[0,1],"20":[1,0],"21":[0,2],"22":[3,9],"23":[4,4],"24":[0,4],"25":[1,3],"26":[6,0],"27":[6,6],"28":[1,13],"29":[2,11]},"statementMap":{"17":{"start":{"line":1,"column":0},"end":{"line":null,"column":null}},"19":{"start":{"line":2,"column":0},"end":{"line":null,"column":null}},"37":{"start":{"line":8,"column":21},"end":{"line":null,"column":null}},"38":{"start":{"line":12,"column":16},"end":{"line":null,"column":null}},"40":{"start":{"line":13,"column":9},"end":{"line":null,"column":null}},"41":{"start":{"line":15,"column":9},"end":{"line":null,"column":null}},"42":{"start":{"line":16,"column":9},"end":{"line":null,"column":null}},"44":{"start":{"line":20,"column":11},"end":{"line":null,"column":null}},"45":{"start":{"line":30,"column":9},"end":{"line":null,"column":null}},"46":{"start":{"line":31,"column":8},"end":{"line":null,"column":null}},"47":{"start":{"line":32,"column":8},"end":{"line":null,"column":null}},"48":{"start":{"line":33,"column":11},"end":{"line":null,"column":null}},"49":{"start":{"line":34,"column":13},"end":{"line":null,"column":null}},"50":{"start":{"line":37,"column":12},"end":{"line":null,"column":null}},"51":{"start":{"line":38,"column":8},"end":{"line":null,"column":null}},"52":{"start":{"line":39,"column":11},"end":{"line":null,"column":null}},"53":{"start":{"line":40,"column":13},"end":{"line":null,"column":null}},"54":{"start":{"line":43,"column":11},"end":{"line":null,"column":null}},"55":{"start":{"line":54,"column":10},"end":{"line":null,"column":null}},"56":{"start":{"line":55,"column":8},"end":{"line":null,"column":null}},"57":{"start":{"line":56,"column":11},"end":{"line":null,"column":null}},"58":{"start":{"line":58,"column":11},"end":{"line":null,"column":null}},"59":{"start":{"line":60,"column":11},"end":{"line":null,"column":null}},"60":{"start":{"line":72,"column":10},"end":{"line":null,"column":null}},"61":{"start":{"line":73,"column":10},"end":{"line":null,"column":null}},"62":{"start":{"line":74,"column":10},"end":{"line":null,"column":null}},"63":{"start":{"line":75,"column":8},"end":{"line":null,"column":null}},"64":{"start":{"line":76,"column":13},"end":{"line":null,"column":null}},"65":{"start":{"line":79,"column":10},"end":{"line":null,"column":null}},"66":{"start":{"line":80,"column":8},"end":{"line":null,"column":null}},"67":{"start":{"line":81,"column":9},"end":{"line":null,"column":null}},"68":{"start":{"line":83,"column":10},"end":{"line":null,"column":null}},"69":{"start":{"line":84,"column":10},"end":{"line":null,"column":null}},"70":{"start":{"line":87,"column":14},"end":{"line":null,"column":null}},"71":{"start":{"line":88,"column":13},"end":{"line":null,"column":null}},"72":{"start":{"line":91,"column":12},"end":{"line":null,"column":null}},"73":{"start":{"line":92,"column":17},"end":{"line":null,"column":null}},"74":{"start":{"line":93,"column":12},"end":{"line":null,"column":null}},"75":{"start":{"line":94,"column":16},"end":{"line":null,"column":null}},"76":{"start":{"line":95,"column":15},"end":{"line":null,"column":null}},"77":{"start":{"line":96,"column":16},"end":{"line":null,"column":null}},"78":{"start":{"line":100,"column":19},"end":{"line":null,"column":null}},"79":{"start":{"line":102,"column":9},"end":{"line":null,"column":null}},"80":{"start":{"line":103,"column":11},"end":{"line":null,"column":null}},"82":{"start":{"line":115,"column":21},"end":{"line":null,"column":null}},"83":{"start":{"line":115,"column":47},"end":{"line":null,"column":null}},"84":{"start":{"line":115,"column":54},"end":{"line":null,"column":null}},"85":{"start":{"line":116,"column":10},"end":{"line":null,"column":null}},"86":{"start":{"line":117,"column":10},"end":{"line":null,"column":null}},"87":{"start":{"line":118,"column":8},"end":{"line":null,"column":null}},"88":{"start":{"line":119,"column":13},"end":{"line":null,"column":null}},"89":{"start":{"line":122,"column":8},"end":{"line":null,"column":null}},"90":{"start":{"line":123,"column":12},"end":{"line":null,"column":null}},"91":{"start":{"line":124,"column":16},"end":{"line":null,"column":null}},"92":{"start":{"line":127,"column":8},"end":{"line":null,"column":null}},"93":{"start":{"line":128,"column":12},"end":{"line":null,"column":null}},"94":{"start":{"line":129,"column":16},"end":{"line":null,"column":null}},"95":{"start":{"line":130,"column":13},"end":{"line":null,"column":null}},"96":{"start":{"line":132,"column":13},"end":{"line":null,"column":null}},"97":{"start":{"line":145,"column":10},"end":{"line":null,"column":null}},"98":{"start":{"line":146,"column":10},"end":{"line":null,"column":null}},"99":{"start":{"line":147,"column":10},"end":{"line":null,"column":null}},"100":{"start":{"line":148,"column":8},"end":{"line":null,"column":null}},"101":{"start":{"line":149,"column":13},"end":{"line":null,"column":null}},"102":{"start":{"line":151,"column":10},"end":{"line":null,"column":null}},"103":{"start":{"line":152,"column":16},"end":{"line":null,"column":null}},"104":{"start":{"line":153,"column":12},"end":{"line":null,"column":null}},"105":{"start":{"line":154,"column":10},"end":{"line":null,"column":null}},"106":{"start":{"line":155,"column":21},"end":{"line":null,"column":null}},"107":{"start":{"line":157,"column":21},"end":{"line":null,"column":null}},"108":{"start":{"line":160,"column":11},"end":{"line":null,"column":null}},"109":{"start":{"line":199,"column":9},"end":{"line":null,"column":null}},"110":{"start":{"line":200,"column":9},"end":{"line":null,"column":null}},"111":{"start":{"line":201,"column":8},"end":{"line":null,"column":null}},"112":{"start":{"line":202,"column":13},"end":{"line":null,"column":null}},"113":{"start":{"line":204,"column":9},"end":{"line":null,"column":null}},"114":{"start":{"line":205,"column":8},"end":{"line":null,"column":null}},"115":{"start":{"line":206,"column":13},"end":{"line":null,"column":null}},"116":{"start":{"line":208,"column":9},"end":{"line":null,"column":null}},"117":{"start":{"line":209,"column":8},"end":{"line":null,"column":null}},"118":{"start":{"line":210,"column":13},"end":{"line":null,"column":null}},"119":{"start":{"line":212,"column":11},"end":{"line":null,"column":null}},"120":{"start":{"line":170,"column":28},"end":{"line":null,"column":null}},"121":{"start":{"line":171,"column":10},"end":{"line":null,"column":null}},"122":{"start":{"line":172,"column":8},"end":{"line":170,"column":46}},"123":{"start":{"line":173,"column":9},"end":{"line":null,"column":null}},"124":{"start":{"line":174,"column":13},"end":{"line":null,"column":null}},"125":{"start":{"line":175,"column":10},"end":{"line":null,"column":null}},"126":{"start":{"line":176,"column":14},"end":{"line":175,"column":31}},"127":{"start":{"line":177,"column":12},"end":{"line":175,"column":31}},"128":{"start":{"line":179,"column":14},"end":{"line":null,"column":null}},"129":{"start":{"line":180,"column":14},"end":{"line":null,"column":null}},"130":{"start":{"line":181,"column":12},"end":{"line":null,"column":null}},"131":{"start":{"line":182,"column":16},"end":{"line":null,"column":null}},"132":{"start":{"line":183,"column":14},"end":{"line":null,"column":null}},"133":{"start":{"line":187,"column":11},"end":{"line":null,"column":null}},"135":{"start":{"line":8,"column":21},"end":{"line":null,"column":null}}},"fnMap":{"9":{"name":"InvertedIndex","line":12,"loc":{"start":{"line":12,"column":16},"end":{"line":12,"column":16}}},"10":{"name":"getFileContent","line":19,"loc":{"start":{"line":19,"column":19},"end":{"line":19,"column":19}}},"11":{"name":"isFileValid","line":29,"loc":{"start":{"line":29,"column":14},"end":{"line":29,"column":37}}},"12":{"name":"readFile","line":53,"loc":{"start":{"line":53,"column":11},"end":{"line":53,"column":34}}},"13":{"name":"createIndex","line":71,"loc":{"start":{"line":71,"column":14},"end":{"line":71,"column":37}}},"14":{"name":"(anonymous_14)","line":81,"loc":{"start":{"line":81,"column":17},"end":{"line":81,"column":26}}},"15":{"name":"(anonymous_15)","line":92,"loc":{"start":{"line":92,"column":25},"end":{"line":92,"column":35}}},"16":{"name":"searchIndex","line":115,"loc":{"start":{"line":115,"column":14},"end":{"line":115,"column":54}}},"17":{"name":"(anonymous_17)","line":129,"loc":{"start":{"line":129,"column":24},"end":{"line":129,"column":34}}},"18":{"name":"doSearch","line":144,"loc":{"start":{"line":144,"column":11},"end":{"line":144,"column":35}}},"19":{"name":"(anonymous_19)","line":152,"loc":{"start":{"line":152,"column":24},"end":{"line":152,"column":34}}},"20":{"name":"validateSearch","line":198,"loc":{"start":{"line":198,"column":17},"end":{"line":198,"column":47}}},"21":{"name":"flattenSearchTerms","line":170,"loc":{"start":{"line":170,"column":46},"end":{"line":170,"column":46}}}},"branchMap":{"10":{"line":32,"type":"if","locations":[{"start":{"line":32,"column":8},"end":{"line":32,"column":8}},{"start":{"line":32,"column":8},"end":{"line":32,"column":8}}]},"11":{"line":38,"type":"if","locations":[{"start":{"line":38,"column":8},"end":{"line":38,"column":8}},{"start":{"line":38,"column":8},"end":{"line":38,"column":8}}]},"12":{"line":55,"type":"if","locations":[{"start":{"line":55,"column":8},"end":{"line":55,"column":8}},{"start":{"line":55,"column":8},"end":{"line":55,"column":8}}]},"13":{"line":75,"type":"if","locations":[{"start":{"line":75,"column":8},"end":{"line":75,"column":8}},{"start":{"line":75,"column":8},"end":{"line":75,"column":8}}]},"14":{"line":93,"type":"if","locations":[{"start":{"line":93,"column":12},"end":{"line":93,"column":12}},{"start":{"line":93,"column":12},"end":{"line":93,"column":12}}]},"15":{"line":95,"type":"if","locations":[{"start":{"line":95,"column":15},"end":{"line":95,"column":15}},{"start":{"line":95,"column":15},"end":{"line":95,"column":15}}]},"16":{"line":115,"type":"cond-expr","locations":[{"start":{"line":115,"column":32},"end":{"line":115,"column":32}},{"start":{"line":115,"column":32},"end":{"line":115,"column":54}}]},"17":{"line":115,"type":"binary-expr","locations":[{"start":{"line":115,"column":32},"end":{"line":115,"column":32}},{"start":{"line":115,"column":32},"end":{"line":115,"column":32}}]},"18":{"line":118,"type":"if","locations":[{"start":{"line":118,"column":8},"end":{"line":118,"column":8}},{"start":{"line":118,"column":8},"end":{"line":118,"column":8}}]},"19":{"line":122,"type":"if","locations":[{"start":{"line":122,"column":8},"end":{"line":122,"column":8}},{"start":{"line":122,"column":8},"end":{"line":122,"column":8}}]},"20":{"line":127,"type":"if","locations":[{"start":{"line":127,"column":8},"end":{"line":127,"column":8}},{"start":{"line":127,"column":8},"end":{"line":127,"column":8}}]},"21":{"line":148,"type":"if","locations":[{"start":{"line":148,"column":8},"end":{"line":148,"column":8}},{"start":{"line":148,"column":8},"end":{"line":148,"column":8}}]},"22":{"line":154,"type":"if","locations":[{"start":{"line":154,"column":10},"end":{"line":154,"column":10}},{"start":{"line":154,"column":10},"end":{"line":154,"column":10}}]},"23":{"line":201,"type":"if","locations":[{"start":{"line":201,"column":8},"end":{"line":201,"column":8}},{"start":{"line":201,"column":8},"end":{"line":201,"column":8}}]},"24":{"line":205,"type":"if","locations":[{"start":{"line":205,"column":8},"end":{"line":205,"column":8}},{"start":{"line":205,"column":8},"end":{"line":205,"column":8}}]},"25":{"line":209,"type":"if","locations":[{"start":{"line":209,"column":8},"end":{"line":209,"column":8}},{"start":{"line":209,"column":8},"end":{"line":209,"column":8}}]},"26":{"line":170,"type":"cond-expr","locations":[{"start":{"line":170,"column":42},"end":{"line":170,"column":42}},{"start":{"line":170,"column":42},"end":{"line":170,"column":46}}]},"27":{"line":170,"type":"binary-expr","locations":[{"start":{"line":170,"column":42},"end":{"line":170,"column":42}},{"start":{"line":170,"column":42},"end":{"line":170,"column":42}}]},"28":{"line":175,"type":"if","locations":[{"start":{"line":175,"column":10},"end":{"line":175,"column":10}},{"start":{"line":175,"column":10},"end":{"line":175,"column":10}}]},"29":{"line":181,"type":"if","locations":[{"start":{"line":181,"column":12},"end":{"line":181,"column":12}},{"start":{"line":181,"column":12},"end":{"line":181,"column":12}}]}}},
"/home/fizzy/Desktop/inverted-index-api/src/create-index-validator.js":{"path":"/home/fizzy/Desktop/inverted-index-api/src/create-index-validator.js","s":{"20":1,"24":11,"25":11,"26":11,"27":11,"28":0,"29":11,"30":11,"31":11,"32":11,"33":20,"34":20,"35":2,"36":2,"37":2,"38":0,"39":11,"40":17,"41":17,"42":4,"43":13,"44":0,"45":13,"46":13,"47":13,"48":0,"49":17,"50":13,"51":13,"52":13,"53":2,"54":11,"55":0,"56":11,"57":11,"58":11,"59":0,"60":11,"61":2,"62":0,"63":0,"64":13,"66":1},"f":{"7":11,"8":11,"9":20,"10":17,"11":13},"l":{"5":1,"13":11,"14":11,"15":11,"16":11,"18":0,"20":11,"28":11,"29":11,"30":11,"31":20,"33":20,"35":2,"39":2,"40":2,"42":0,"45":11,"57":17,"58":17,"59":4,"60":13,"61":0,"62":13,"63":13,"64":13,"65":0,"68":17,"79":13,"80":13,"81":13,"82":2,"83":11,"84":0,"85":11,"86":11,"87":11,"88":0,"89":11,"90":2,"92":0,"93":0,"95":13},"b":{"6":[2,18],"7":[20,20,18],"8":[2,0],"9":[4,13],"10":[17,14],"11":[0,13],"12":[13,0],"13":[0,13],"14":[2,11],"15":[0,11],"16":[11,0],"17":[0,11],"18":[2,9],"19":[0,0]},"statementMap":{"20":{"start":{"line":5,"column":21},"end":{"line":null,"column":null}},"24":{"start":{"line":13,"column":8},"end":{"line":null,"column":null}},"25":{"start":{"line":14,"column":8},"end":{"line":null,"column":null}},"26":{"start":{"line":15,"column":12},"end":{"line":null,"column":null}},"27":{"start":{"line":16,"column":11},"end":{"line":null,"column":null}},"28":{"start":{"line":18,"column":15},"end":{"line":null,"column":null}},"29":{"start":{"line":20,"column":11},"end":{"line":null,"column":null}},"30":{"start":{"line":28,"column":8},"end":{"line":null,"column":null}},"31":{"start":{"line":29,"column":8},"end":{"line":null,"column":null}},"32":{"start":{"line":30,"column":18},"end":{"line":null,"column":null}},"33":{"start":{"line":31,"column":14},"end":{"line":null,"column":null}},"34":{"start":{"line":33,"column":12},"end":{"line":null,"column":null}},"35":{"start":{"line":35,"column":16},"end":{"line":null,"column":null}},"36":{"start":{"line":39,"column":10},"end":{"line":null,"column":null}},"37":{"start":{"line":40,"column":22},"end":{"line":null,"column":null}},"38":{"start":{"line":42,"column":14},"end":{"line":null,"column":null}},"39":{"start":{"line":45,"column":11},"end":{"line":null,"column":null}},"40":{"start":{"line":57,"column":8},"end":{"line":null,"column":null}},"41":{"start":{"line":58,"column":8},"end":{"line":null,"column":null}},"42":{"start":{"line":59,"column":14},"end":{"line":null,"column":null}},"43":{"start":{"line":60,"column":11},"end":{"line":null,"column":null}},"44":{"start":{"line":61,"column":11},"end":{"line":null,"column":null}},"45":{"start":{"line":62,"column":11},"end":{"line":null,"column":null}},"46":{"start":{"line":63,"column":12},"end":{"line":null,"column":null}},"47":{"start":{"line":64,"column":10},"end":{"line":null,"column":null}},"48":{"start":{"line":65,"column":16},"end":{"line":null,"column":null}},"49":{"start":{"line":68,"column":11},"end":{"line":null,"column":null}},"50":{"start":{"line":79,"column":8},"end":{"line":null,"column":null}},"51":{"start":{"line":80,"column":8},"end":{"line":null,"column":null}},"52":{"start":{"line":81,"column":8},"end":{"line":null,"column":null}},"53":{"start":{"line":82,"column":14},"end":{"line":null,"column":null}},"54":{"start":{"line":83,"column":11},"end":{"line":null,"column":null}},"55":{"start":{"line":84,"column":14},"end":{"line":null,"column":null}},"56":{"start":{"line":85,"column":11},"end":{"line":null,"column":null}},"57":{"start":{"line":86,"column":24},"end":{"line":null,"column":null}},"58":{"start":{"line":87,"column":10},"end":{"line":null,"column":null}},"59":{"start":{"line":88,"column":16},"end":{"line":null,"column":null}},"60":{"start":{"line":89,"column":13},"end":{"line":null,"column":null}},"61":{"start":{"line":90,"column":16},"end":{"line":null,"column":null}},"62":{"start":{"line":92,"column":11},"end":{"line":null,"column":null}},"63":{"start":{"line":93,"column":14},"end":{"line":null,"column":null}},"64":{"start":{"line":95,"column":11},"end":{"line":null,"column":null}},"66":{"start":{"line":5,"column":21},"end":{"line":null,"column":null}}},"fnMap":{"7":{"name":"isJSON","line":12,"loc":{"start":{"line":12,"column":16},"end":{"line":12,"column":29}}},"8":{"name":"isMalformed","line":27,"loc":{"start":{"line":27,"column":21},"end":{"line":27,"column":34}}},"9":{"name":"(anonymous_9)","line":30,"loc":{"start":{"line":30,"column":26},"end":{"line":30,"column":35}}},"10":{"name":"checkFileName","line":56,"loc":{"start":{"line":56,"column":23},"end":{"line":56,"column":33}}},"11":{"name":"checkFileContent","line":78,"loc":{"start":{"line":78,"column":26},"end":{"line":78,"column":39}}}},"branchMap":{"6":{"line":33,"type":"if","locations":[{"start":{"line":33,"column":12},"end":{"line":33,"column":12}},{"start":{"line":33,"column":12},"end":{"line":33,"column":12}}]},"7":{"line":33,"type":"binary-expr","locations":[{"start":{"line":33,"column":12},"end":{"line":33,"column":12}},{"start":{"line":33,"column":30},"end":{"line":33,"column":12}},{"start":{"line":33,"column":44},"end":{"line":33,"column":8}}]},"8":{"line":39,"type":"if","locations":[{"start":{"line":39,"column":10},"end":{"line":39,"column":10}},{"start":{"line":39,"column":10},"end":{"line":39,"column":10}}]},"9":{"line":58,"type":"if","locations":[{"start":{"line":58,"column":8},"end":{"line":58,"column":8}},{"start":{"line":58,"column":8},"end":{"line":58,"column":8}}]},"10":{"line":58,"type":"binary-expr","locations":[{"start":{"line":58,"column":8},"end":{"line":58,"column":8}},{"start":{"line":58,"column":21},"end":{"line":58,"column":4}}]},"11":{"line":60,"type":"if","locations":[{"start":{"line":60,"column":11},"end":{"line":60,"column":11}},{"start":{"line":60,"column":11},"end":{"line":60,"column":11}}]},"12":{"line":62,"type":"if","locations":[{"start":{"line":62,"column":11},"end":{"line":62,"column":11}},{"start":{"line":62,"column":11},"end":{"line":62,"column":11}}]},"13":{"line":64,"type":"if","locations":[{"start":{"line":64,"column":10},"end":{"line":64,"column":10}},{"start":{"line":64,"column":10},"end":{"line":64,"column":10}}]},"14":{"line":81,"type":"if","locations":[{"start":{"line":81,"column":8},"end":{"line":81,"column":8}},{"start":{"line":81,"column":8},"end":{"line":81,"column":8}}]},"15":{"line":83,"type":"if","locations":[{"start":{"line":83,"column":11},"end":{"line":83,"column":11}},{"start":{"line":83,"column":11},"end":{"line":83,"column":11}}]},"16":{"line":85,"type":"if","locations":[{"start":{"line":85,"column":11},"end":{"line":85,"column":11}},{"start":{"line":85,"column":11},"end":{"line":85,"column":11}}]},"17":{"line":87,"type":"if","locations":[{"start":{"line":87,"column":10},"end":{"line":87,"column":10}},{"start":{"line":87,"column":10},"end":{"line":87,"column":10}}]},"18":{"line":89,"type":"if","locations":[{"start":{"line":89,"column":13},"end":{"line":89,"column":13}},{"start":{"line":89,"column":13},"end":{"line":89,"column":13}}]},"19":{"line":92,"type":"if","locations":[{"start":{"line":92,"column":11},"end":{"line":92,"column":11}},{"start":{"line":92,"column":11},"end":{"line":92,"column":11}}]}}},
"/home/fizzy/Desktop/inverted-index-api/src/search-index-validator.js":{"path":"/home/fizzy/Desktop/inverted-index-api/src/search-index-validator.js","s":{"23":1,"27":8,"28":8,"29":1,"30":7,"31":3,"32":4,"33":4,"34":4,"35":0,"36":8,"37":4,"38":4,"39":0,"40":4,"41":4,"42":4,"43":0,"44":4,"45":4,"46":4,"47":1,"48":4,"50":1},"f":{"9":8,"10":4,"11":4},"l":{"5":1,"13":8,"14":8,"15":1,"16":7,"17":3,"18":4,"19":4,"20":4,"21":0,"24":8,"34":4,"35":4,"36":0,"37":4,"38":4,"39":4,"40":0,"43":4,"52":4,"53":4,"54":1,"56":4},"b":{"10":[1,7],"11":[3,4],"12":[0,7],"13":[4,0],"14":[0,4],"15":[0,4],"16":[0,4],"17":[4,0],"18":[0,4],"19":[1,3],"20":[4,4]},"statementMap":{"23":{"start":{"line":5,"column":21},"end":{"line":null,"column":null}},"27":{"start":{"line":13,"column":8},"end":{"line":null,"column":null}},"28":{"start":{"line":14,"column":8},"end":{"line":null,"column":null}},"29":{"start":{"line":15,"column":21},"end":{"line":null,"column":null}},"30":{"start":{"line":16,"column":11},"end":{"line":null,"column":null}},"31":{"start":{"line":17,"column":21},"end":{"line":null,"column":null}},"32":{"start":{"line":18,"column":11},"end":{"line":null,"column":null}},"33":{"start":{"line":19,"column":12},"end":{"line":null,"column":null}},"34":{"start":{"line":20,"column":10},"end":{"line":null,"column":null}},"35":{"start":{"line":21,"column":23},"end":{"line":null,"column":null}},"36":{"start":{"line":24,"column":11},"end":{"line":null,"column":null}},"37":{"start":{"line":34,"column":8},"end":{"line":null,"column":null}},"38":{"start":{"line":35,"column":8},"end":{"line":null,"column":null}},"39":{"start":{"line":36,"column":21},"end":{"line":null,"column":null}},"40":{"start":{"line":37,"column":11},"end":{"line":null,"column":null}},"41":{"start":{"line":38,"column":12},"end":{"line":null,"column":null}},"42":{"start":{"line":39,"column":10},"end":{"line":null,"column":null}},"43":{"start":{"line":40,"column":23},"end":{"line":null,"column":null}},"44":{"start":{"line":43,"column":11},"end":{"line":null,"column":null}},"45":{"start":{"line":52,"column":8},"end":{"line":null,"column":null}},"46":{"start":{"line":53,"column":8},"end":{"line":null,"column":null}},"47":{"start":{"line":54,"column":21},"end":{"line":null,"column":null}},"48":{"start":{"line":56,"column":11},"end":{"line":null,"column":null}},"50":{"start":{"line":5,"column":21},"end":{"line":null,"column":null}}},"fnMap":{"9":{"name":"checkIndex","line":12,"loc":{"start":{"line":12,"column":20},"end":{"line":12,"column":27}}},"10":{"name":"checkFileName","line":33,"loc":{"start":{"line":33,"column":23},"end":{"line":33,"column":33}}},"11":{"name":"checkSearchTerms","line":51,"loc":{"start":{"line":51,"column":26},"end":{"line":51,"column":39}}}},"branchMap":{"10":{"line":14,"type":"if","locations":[{"start":{"line":14,"column":8},"end":{"line":14,"column":8}},{"start":{"line":14,"column":8},"end":{"line":14,"column":8}}]},"11":{"line":16,"type":"if","locations":[{"start":{"line":16,"column":11},"end":{"line":16,"column":11}},{"start":{"line":16,"column":11},"end":{"line":16,"column":11}}]},"12":{"line":16,"type":"cond-expr","locations":[{"start":{"line":16,"column":22},"end":{"line":16,"column":22}},{"start":{"line":16,"column":22},"end":{"line":16,"column":32}}]},"13":{"line":18,"type":"if","locations":[{"start":{"line":18,"column":11},"end":{"line":18,"column":11}},{"start":{"line":18,"column":11},"end":{"line":18,"column":11}}]},"14":{"line":18,"type":"cond-expr","locations":[{"start":{"line":18,"column":22},"end":{"line":18,"column":22}},{"start":{"line":18,"column":22},"end":{"line":18,"column":32}}]},"15":{"line":20,"type":"if","locations":[{"start":{"line":20,"column":10},"end":{"line":20,"column":10}},{"start":{"line":20,"column":10},"end":{"line":20,"column":10}}]},"16":{"line":35,"type":"if","locations":[{"start":{"line":35,"column":8},"end":{"line":35,"column":8}},{"start":{"line":35,"column":8},"end":{"line":35,"column":8}}]},"17":{"line":37,"type":"if","locations":[{"start":{"line":37,"column":11},"end":{"line":37,"column":11}},{"start":{"line":37,"column":11},"end":{"line":37,"column":11}}]},"18":{"line":39,"type":"if","locations":[{"start":{"line":39,"column":10},"end":{"line":39,"column":10}},{"start":{"line":39,"column":10},"end":{"line":39,"column":10}}]},"19":{"line":53,"type":"if","locations":[{"start":{"line":53,"column":8},"end":{"line":53,"column":8}},{"start":{"line":53,"column":8},"end":{"line":53,"column":8}}]},"20":{"line":53,"type":"binary-expr","locations":[{"start":{"line":53,"column":8},"end":{"line":53,"column":8}},{"start":{"line":53,"column":24},"end":{"line":53,"column":4}}]}}},
"/home/fizzy/Desktop/inverted-index-api/src/app.js":{"path":"/home/fizzy/Desktop/inverted-index-api/src/app.js","s":{"2":1,"4":1,"6":1,"8":1,"10":1,"12":1,"14":1,"18":1,"19":1,"20":1,"21":1,"22":0,"23":1,"24":0,"25":1,"26":1,"27":1,"28":1,"29":1,"30":6,"31":6,"32":1,"33":1,"34":1,"35":1,"36":1,"37":5,"38":5,"39":5,"40":5,"41":0,"42":0,"43":0,"44":5,"45":5,"46":5,"47":5,"48":0,"49":1,"50":1,"51":1,"52":1,"53":1,"54":0,"55":1,"56":1,"57":1,"58":0,"59":0,"60":0,"61":0,"62":0,"63":1,"64":1,"65":1,"66":1},"f":{"2":6,"3":6,"4":5,"5":1,"6":1},"l":{"2":1,"3":1,"4":1,"5":1,"6":1,"7":1,"8":1,"10":1,"12":1,"13":1,"15":1,"16":0,"17":1,"18":0,"20":1,"23":1,"24":1,"25":1,"27":1,"29":6,"32":6,"36":1,"38":1,"40":1,"41":1,"43":1,"44":5,"45":5,"46":5,"47":5,"48":0,"50":0,"51":0,"52":5,"53":5,"55":5,"56":5,"59":0,"63":1,"64":1,"65":1,"66":1,"67":1,"68":0,"70":1,"71":1,"72":1,"74":0,"75":0,"76":0,"77":0,"79":0,"83":1,"84":1,"86":1},"b":{"3":[0,1],"4":[0,1],"5":[0,5],"6":[5,0],"7":[0,1],"8":[1,0]},"statementMap":{"2":{"start":{"line":2,"column":0},"end":{"line":null,"column":null}},"4":{"start":{"line":3,"column":0},"end":{"line":null,"column":null}},"6":{"start":{"line":4,"column":0},"end":{"line":null,"column":null}},"8":{"start":{"line":5,"column":0},"end":{"line":null,"column":null}},"10":{"start":{"line":6,"column":0},"end":{"line":null,"column":null}},"12":{"start":{"line":7,"column":0},"end":{"line":null,"column":null}},"14":{"start":{"line":8,"column":0},"end":{"line":null,"column":null}},"18":{"start":{"line":10,"column":0},"end":{"line":null,"column":null}},"19":{"start":{"line":12,"column":0},"end":{"line":null,"column":null}},"20":{"start":{"line":13,"column":0},"end":{"line":null,"column":null}},"21":{"start":{"line":15,"column":0},"end":{"line":null,"column":null}},"22":{"start":{"line":16,"column":6},"end":{"line":null,"column":null}},"23":{"start":{"line":17,"column":7},"end":{"line":null,"column":null}},"24":{"start":{"line":18,"column":6},"end":{"line":null,"column":null}},"25":{"start":{"line":20,"column":6},"end":{"line":null,"column":null}},"26":{"start":{"line":23,"column":0},"end":{"line":null,"column":null}},"27":{"start":{"line":24,"column":0},"end":{"line":null,"column":null}},"28":{"start":{"line":25,"column":0},"end":{"line":null,"column":null}},"29":{"start":{"line":27,"column":0},"end":{"line":null,"column":null}},"30":{"start":{"line":29,"column":13},"end":{"line":null,"column":null}},"31":{"start":{"line":32,"column":13},"end":{"line":null,"column":null}},"32":{"start":{"line":36,"column":0},"end":{"line":null,"column":null}},"33":{"start":{"line":38,"column":0},"end":{"line":null,"column":null}},"34":{"start":{"line":40,"column":0},"end":{"line":null,"column":null}},"35":{"start":{"line":41,"column":0},"end":{"line":null,"column":null}},"36":{"start":{"line":43,"column":0},"end":{"line":null,"column":null}},"37":{"start":{"line":44,"column":6},"end":{"line":null,"column":null}},"38":{"start":{"line":45,"column":10},"end":{"line":null,"column":null}},"39":{"start":{"line":46,"column":10},"end":{"line":null,"column":null}},"40":{"start":{"line":47,"column":8},"end":{"line":null,"column":null}},"41":{"start":{"line":48,"column":12},"end":{"line":null,"column":null}},"42":{"start":{"line":50,"column":14},"end":{"line":null,"column":null}},"43":{"start":{"line":51,"column":13},"end":{"line":null,"column":null}},"44":{"start":{"line":52,"column":11},"end":{"line":null,"column":null}},"45":{"start":{"line":53,"column":12},"end":{"line":null,"column":null}},"46":{"start":{"line":55,"column":14},"end":{"line":null,"column":null}},"47":{"start":{"line":56,"column":13},"end":{"line":null,"column":null}},"48":{"start":{"line":59,"column":11},"end":{"line":null,"column":null}},"49":{"start":{"line":63,"column":0},"end":{"line":null,"column":null}},"50":{"start":{"line":64,"column":6},"end":{"line":null,"column":null}},"51":{"start":{"line":65,"column":10},"end":{"line":null,"column":null}},"52":{"start":{"line":66,"column":8},"end":{"line":null,"column":null}},"53":{"start":{"line":67,"column":8},"end":{"line":null,"column":null}},"54":{"start":{"line":68,"column":13},"end":{"line":null,"column":null}},"55":{"start":{"line":70,"column":8},"end":{"line":null,"column":null}},"56":{"start":{"line":71,"column":21},"end":{"line":null,"column":null}},"57":{"start":{"line":72,"column":13},"end":{"line":null,"column":null}},"58":{"start":{"line":74,"column":10},"end":{"line":null,"column":null}},"59":{"start":{"line":75,"column":10},"end":{"line":null,"column":null}},"60":{"start":{"line":76,"column":19},"end":{"line":null,"column":null}},"61":{"start":{"line":77,"column":11},"end":{"line":null,"column":null}},"62":{"start":{"line":79,"column":11},"end":{"line":null,"column":null}},"63":{"start":{"line":83,"column":0},"end":{"line":null,"column":null}},"64":{"start":{"line":84,"column":0},"end":{"line":null,"column":null}},"65":{"start":{"line":84,"column":23},"end":{"line":null,"column":null}},"66":{"start":{"line":86,"column":15},"end":{"line":null,"column":null}}},"fnMap":{"2":{"name":"destination","line":28,"loc":{"start":{"line":28,"column":15},"end":{"line":28,"column":40}}},"3":{"name":"filename","line":31,"loc":{"start":{"line":31,"column":12},"end":{"line":31,"column":37}}},"4":{"name":"(anonymous_4)","line":43,"loc":{"start":{"line":43,"column":24},"end":{"line":43,"column":38}}},"5":{"name":"(anonymous_5)","line":63,"loc":{"start":{"line":63,"column":24},"end":{"line":63,"column":38}}},"6":{"name":"(anonymous_6)","line":84,"loc":{"start":{"line":84,"column":17},"end":{"line":null,"column":null}}}},"branchMap":{"3":{"line":15,"type":"if","locations":[{"start":{"line":15,"column":0},"end":{"line":15,"column":0}},{"start":{"line":15,"column":0},"end":{"line":15,"column":0}}]},"4":{"line":17,"type":"if","locations":[{"start":{"line":17,"column":7},"end":{"line":17,"column":7}},{"start":{"line":17,"column":7},"end":{"line":17,"column":7}}]},"5":{"line":47,"type":"if","locations":[{"start":{"line":47,"column":8},"end":{"line":47,"column":8}},{"start":{"line":47,"column":8},"end":{"line":47,"column":8}}]},"6":{"line":52,"type":"if","locations":[{"start":{"line":52,"column":11},"end":{"line":52,"column":11}},{"start":{"line":52,"column":11},"end":{"line":52,"column":11}}]},"7":{"line":67,"type":"if","locations":[{"start":{"line":67,"column":8},"end":{"line":67,"column":8}},{"start":{"line":67,"column":8},"end":{"line":67,"column":8}}]},"8":{"line":70,"type":"if","locations":[{"start":{"line":70,"column":8},"end":{"line":70,"column":8}},{"start":{"line":70,"column":8},"end":{"line":70,"column":8}}]}}},
"/home/fizzy/Desktop/inverted-index-api/src/json-processor.js":{"path":"/home/fizzy/Desktop/inverted-index-api/src/json-processor.js","s":{"17":1,"24":1,"28":0,"29":0,"30":0,"31":0,"32":0,"33":0,"34":5,"35":5,"36":5,"37":5,"38":6,"39":6,"40":6,"41":6,"42":6,"43":6,"44":6,"45":6,"46":5,"47":1,"48":0,"49":1,"50":5,"52":1},"f":{"8":0,"9":0,"10":5,"11":6},"l":{"1":1,"6":1,"14":0,"15":0,"16":0,"17":0,"18":0,"20":0,"31":5,"32":5,"33":5,"34":5,"35":6,"36":6,"37":6,"38":6,"39":6,"40":6,"41":6,"42":6,"43":5,"45":1,"48":0,"52":1,"54":5},"b":{"8":[6,0]},"statementMap":{"17":{"start":{"line":1,"column":0},"end":{"line":null,"column":null}},"24":{"start":{"line":6,"column":21},"end":{"line":null,"column":null}},"28":{"start":{"line":14,"column":10},"end":{"line":null,"column":null}},"29":{"start":{"line":15,"column":8},"end":{"line":null,"column":null}},"30":{"start":{"line":16,"column":14},"end":{"line":null,"column":null}},"31":{"start":{"line":17,"column":12},"end":{"line":null,"column":null}},"32":{"start":{"line":18,"column":14},"end":{"line":null,"column":null}},"33":{"start":{"line":20,"column":11},"end":{"line":null,"column":null}},"34":{"start":{"line":31,"column":8},"end":{"line":null,"column":null}},"35":{"start":{"line":32,"column":8},"end":{"line":null,"column":null}},"36":{"start":{"line":33,"column":8},"end":{"line":null,"column":null}},"37":{"start":{"line":34,"column":12},"end":{"line":null,"column":null}},"38":{"start":{"line":35,"column":14},"end":{"line":null,"column":null}},"39":{"start":{"line":36,"column":12},"end":{"line":null,"column":null}},"40":{"start":{"line":37,"column":16},"end":{"line":null,"column":null}},"41":{"start":{"line":38,"column":16},"end":{"line":null,"column":null}},"42":{"start":{"line":39,"column":18},"end":{"line":null,"column":null}},"43":{"start":{"line":40,"column":18},"end":{"line":null,"column":null}},"44":{"start":{"line":41,"column":14},"end":{"line":null,"column":null}},"45":{"start":{"line":42,"column":20},"end":{"line":null,"column":null}},"46":{"start":{"line":43,"column":20},"end":{"line":null,"column":null}},"47":{"start":{"line":45,"column":18},"end":{"line":null,"column":null}},"48":{"start":{"line":48,"column":16},"end":{"line":null,"column":null}},"49":{"start":{"line":52,"column":14},"end":{"line":null,"column":null}},"50":{"start":{"line":54,"column":11},"end":{"line":null,"column":null}},"52":{"start":{"line":6,"column":21},"end":{"line":null,"column":null}}},"fnMap":{"8":{"name":"processRaw","line":13,"loc":{"start":{"line":13,"column":20},"end":{"line":13,"column":34}}},"9":{"name":"(anonymous_9)","line":16,"loc":{"start":{"line":16,"column":22},"end":{"line":16,"column":36}}},"10":{"name":"processFiles","line":30,"loc":{"start":{"line":30,"column":22},"end":{"line":30,"column":37}}},"11":{"name":"(anonymous_11)","line":34,"loc":{"start":{"line":34,"column":20},"end":{"line":34,"column":30}}}},"branchMap":{"8":{"line":36,"type":"if","locations":[{"start":{"line":36,"column":12},"end":{"line":36,"column":12}},{"start":{"line":36,"column":12},"end":{"line":36,"column":12}}]}}}}
