TN:
SF:/home/fizzy/Desktop/inverted-index-api/src/inverted-index.js
FN:11,InvertedIndex
FN:17,getFileContent
FN:27,isFileValid
FN:51,readFile
FN:69,createIndex
FN:79,(anonymous_15)
FN:90,(anonymous_16)
FN:113,searchIndex
FN:121,(anonymous_18)
FN:166,validateSearch
FN:138,flattenSearchTerms
FNF:11
FNH:9
FNDA:3,InvertedIndex
FNDA:1,getFileContent
FNDA:13,isFileValid
FNDA:5,readFile
FNDA:3,createIndex
FNDA:4,(anonymous_15)
FNDA:68,(anonymous_16)
FNDA:6,searchIndex
FNDA:0,(anonymous_18)
FNDA:6,validateSearch
FNDA:0,flattenSearchTerms
DA:1,1
DA:7,1
DA:11,1
DA:12,3
DA:14,3
DA:18,1
DA:28,13
DA:29,13
DA:30,13
DA:31,4
DA:32,4
DA:35,9
DA:36,9
DA:37,5
DA:38,5
DA:41,4
DA:52,5
DA:53,5
DA:54,3
DA:56,2
DA:58,5
DA:70,3
DA:71,3
DA:72,3
DA:73,3
DA:74,1
DA:77,2
DA:78,2
DA:79,2
DA:81,4
DA:82,4
DA:85,4
DA:86,4
DA:89,4
DA:90,4
DA:91,68
DA:92,44
DA:93,24
DA:94,18
DA:98,4
DA:100,2
DA:101,2
DA:113,6
DA:114,6
DA:115,6
DA:116,6
DA:117,6
DA:119,0
DA:120,0
DA:121,0
DA:122,0
DA:123,0
DA:124,0
DA:126,0
DA:129,0
DA:138,0
DA:139,0
DA:140,0
DA:141,0
DA:142,0
DA:143,0
DA:144,0
DA:145,0
DA:147,0
DA:148,0
DA:149,0
DA:150,0
DA:151,0
DA:155,0
DA:167,6
DA:168,6
DA:169,6
DA:170,2
DA:171,4
DA:172,2
DA:173,2
DA:174,0
DA:175,2
DA:176,1
DA:177,1
DA:178,0
DA:179,1
DA:180,1
DA:181,1
DA:182,0
DA:183,1
DA:184,1
DA:187,6
LF:88
LH:63
BRDA:30,13,0,4
BRDA:30,13,1,9
BRDA:36,14,0,5
BRDA:36,14,1,4
BRDA:53,15,0,3
BRDA:53,15,1,2
BRDA:73,16,0,1
BRDA:73,16,1,2
BRDA:91,17,0,44
BRDA:91,17,1,24
BRDA:93,18,0,18
BRDA:93,18,1,6
BRDA:116,19,0,6
BRDA:116,19,1,0
BRDA:123,20,0,0
BRDA:123,20,1,0
BRDA:169,21,0,2
BRDA:169,21,1,4
BRDA:171,22,0,2
BRDA:171,22,1,2
BRDA:171,23,0,0
BRDA:171,23,1,4
BRDA:173,24,0,0
BRDA:173,24,1,2
BRDA:175,25,0,1
BRDA:175,25,1,1
BRDA:177,26,0,0
BRDA:177,26,1,1
BRDA:179,27,0,1
BRDA:179,27,1,0
BRDA:181,28,0,0
BRDA:181,28,1,1
BRDA:183,29,0,1
BRDA:183,29,1,0
BRDA:183,30,0,1
BRDA:183,30,1,1
BRDA:138,31,0,0
BRDA:138,31,1,0
BRDA:138,32,0,0
BRDA:138,32,1,0
BRDA:143,33,0,0
BRDA:143,33,1,0
BRDA:149,34,0,0
BRDA:149,34,1,0
BRF:44
BRH:27
end_of_record
TN:
SF:/home/fizzy/Desktop/inverted-index-api/src/create-index-validator.js
FN:12,isJSON
FN:27,isMalformed
FN:30,(anonymous_9)
FN:56,checkFileName
FN:78,checkFileContent
FNF:5
FNH:5
FNDA:6,isJSON
FNDA:6,isMalformed
FNDA:10,(anonymous_9)
FNDA:13,checkFileName
FNDA:9,checkFileContent
DA:5,1
DA:13,6
DA:14,6
DA:15,6
DA:16,6
DA:18,0
DA:20,6
DA:28,6
DA:29,6
DA:30,6
DA:31,10
DA:33,10
DA:35,2
DA:39,2
DA:40,2
DA:42,0
DA:45,6
DA:57,13
DA:58,13
DA:59,4
DA:60,9
DA:61,0
DA:62,9
DA:63,9
DA:64,9
DA:65,0
DA:68,13
DA:79,9
DA:80,9
DA:81,9
DA:82,2
DA:83,7
DA:84,1
DA:85,6
DA:86,6
DA:87,6
DA:88,0
DA:89,6
DA:90,2
DA:92,0
DA:93,0
DA:95,9
LF:42
LH:35
BRDA:33,6,0,2
BRDA:33,6,1,8
BRDA:33,7,0,10
BRDA:33,7,1,10
BRDA:33,7,2,8
BRDA:39,8,0,2
BRDA:39,8,1,0
BRDA:58,9,0,4
BRDA:58,9,1,9
BRDA:58,10,0,13
BRDA:58,10,1,10
BRDA:60,11,0,0
BRDA:60,11,1,9
BRDA:62,12,0,9
BRDA:62,12,1,0
BRDA:64,13,0,0
BRDA:64,13,1,9
BRDA:81,14,0,2
BRDA:81,14,1,7
BRDA:83,15,0,1
BRDA:83,15,1,6
BRDA:85,16,0,6
BRDA:85,16,1,0
BRDA:87,17,0,0
BRDA:87,17,1,6
BRDA:89,18,0,2
BRDA:89,18,1,4
BRDA:92,19,0,0
BRDA:92,19,1,0
BRF:29
BRH:21
end_of_record
