TN:
SF:/home/fizzy/Desktop/inverted-index-api/src/inverted-index.js
FN:12,InvertedIndex
FN:18,getFileContent
FN:28,isFileValid
FN:52,readFile
FN:70,createIndex
FN:80,(anonymous_14)
FN:91,(anonymous_15)
FN:114,searchIndex
FN:123,(anonymous_17)
FN:169,validateSearch
FN:141,flattenSearchTerms
FNF:11
FNH:9
FNDA:3,InvertedIndex
FNDA:1,getFileContent
FNDA:13,isFileValid
FNDA:5,readFile
FNDA:3,createIndex
FNDA:4,(anonymous_14)
FNDA:68,(anonymous_15)
FNDA:5,searchIndex
FNDA:0,(anonymous_17)
FNDA:5,validateSearch
FNDA:0,flattenSearchTerms
DA:1,1
DA:2,1
DA:8,1
DA:12,1
DA:13,3
DA:15,3
DA:19,1
DA:29,13
DA:30,13
DA:31,13
DA:32,4
DA:33,4
DA:36,9
DA:37,9
DA:38,5
DA:39,5
DA:42,4
DA:53,5
DA:54,5
DA:55,3
DA:57,2
DA:59,5
DA:71,3
DA:72,3
DA:73,3
DA:74,3
DA:75,1
DA:78,2
DA:79,2
DA:80,2
DA:82,4
DA:83,4
DA:86,4
DA:87,4
DA:90,4
DA:91,4
DA:92,68
DA:93,44
DA:94,24
DA:95,18
DA:99,4
DA:101,2
DA:102,2
DA:114,5
DA:116,5
DA:117,5
DA:118,5
DA:119,5
DA:121,0
DA:122,0
DA:123,0
DA:124,0
DA:125,0
DA:126,0
DA:128,0
DA:131,0
DA:141,0
DA:142,0
DA:143,0
DA:144,0
DA:145,0
DA:146,0
DA:147,0
DA:148,0
DA:150,0
DA:151,0
DA:152,0
DA:153,0
DA:154,0
DA:158,0
DA:170,5
DA:171,5
DA:172,5
DA:173,3
DA:175,2
DA:176,2
DA:177,1
DA:179,1
DA:180,1
DA:181,1
DA:183,0
LF:81
LH:58
BRDA:31,10,0,4
BRDA:31,10,1,9
BRDA:37,11,0,5
BRDA:37,11,1,4
BRDA:54,12,0,3
BRDA:54,12,1,2
BRDA:74,13,0,1
BRDA:74,13,1,2
BRDA:92,14,0,44
BRDA:92,14,1,24
BRDA:94,15,0,18
BRDA:94,15,1,6
BRDA:118,16,0,5
BRDA:118,16,1,0
BRDA:125,17,0,0
BRDA:125,17,1,0
BRDA:172,18,0,3
BRDA:172,18,1,2
BRDA:176,19,0,1
BRDA:176,19,1,1
BRDA:180,20,0,1
BRDA:180,20,1,0
BRDA:141,21,0,0
BRDA:141,21,1,0
BRDA:141,22,0,0
BRDA:141,22,1,0
BRDA:146,23,0,0
BRDA:146,23,1,0
BRDA:152,24,0,0
BRDA:152,24,1,0
BRF:30
BRH:18
end_of_record
TN:
SF:/home/fizzy/Desktop/inverted-index-api/src/create-index-validator.js
FN:12,isJSON
FN:27,isMalformed
FN:30,(anonymous_9)
FN:56,checkFileName
FN:78,checkFileContent
FNF:5
FNH:5
FNDA:6,isJSON
FNDA:6,isMalformed
FNDA:10,(anonymous_9)
FNDA:13,checkFileName
FNDA:9,checkFileContent
DA:5,1
DA:13,6
DA:14,6
DA:15,6
DA:16,6
DA:18,0
DA:20,6
DA:28,6
DA:29,6
DA:30,6
DA:31,10
DA:33,10
DA:35,2
DA:39,2
DA:40,2
DA:42,0
DA:45,6
DA:57,13
DA:58,13
DA:59,4
DA:60,9
DA:61,0
DA:62,9
DA:63,9
DA:64,9
DA:65,0
DA:68,13
DA:79,9
DA:80,9
DA:81,9
DA:82,2
DA:83,7
DA:84,1
DA:85,6
DA:86,6
DA:87,6
DA:88,0
DA:89,6
DA:90,2
DA:92,0
DA:93,0
DA:95,9
LF:42
LH:35
BRDA:33,6,0,2
BRDA:33,6,1,8
BRDA:33,7,0,10
BRDA:33,7,1,10
BRDA:33,7,2,8
BRDA:39,8,0,2
BRDA:39,8,1,0
BRDA:58,9,0,4
BRDA:58,9,1,9
BRDA:58,10,0,13
BRDA:58,10,1,10
BRDA:60,11,0,0
BRDA:60,11,1,9
BRDA:62,12,0,9
BRDA:62,12,1,0
BRDA:64,13,0,0
BRDA:64,13,1,9
BRDA:81,14,0,2
BRDA:81,14,1,7
BRDA:83,15,0,1
BRDA:83,15,1,6
BRDA:85,16,0,6
BRDA:85,16,1,0
BRDA:87,17,0,0
BRDA:87,17,1,6
BRDA:89,18,0,2
BRDA:89,18,1,4
BRDA:92,19,0,0
BRDA:92,19,1,0
BRF:29
BRH:21
end_of_record
TN:
SF:/home/fizzy/Desktop/inverted-index-api/src/search-index-validator.js
FN:12,checkIndex
FN:33,checkFileName
FN:53,checkSearchTerms
FNF:3
FNH:3
FNDA:5,checkIndex
FNDA:2,checkFileName
FNDA:1,checkSearchTerms
DA:5,1
DA:13,5
DA:14,5
DA:15,1
DA:16,4
DA:17,2
DA:18,2
DA:19,2
DA:20,2
DA:21,0
DA:24,5
DA:34,2
DA:35,2
DA:36,1
DA:37,1
DA:38,0
DA:39,1
DA:40,1
DA:41,1
DA:42,0
DA:45,2
DA:54,1
DA:55,1
DA:56,1
DA:58,1
LF:25
LH:22
BRDA:14,10,0,1
BRDA:14,10,1,4
BRDA:16,11,0,2
BRDA:16,11,1,2
BRDA:16,12,0,0
BRDA:16,12,1,4
BRDA:18,13,0,2
BRDA:18,13,1,0
BRDA:18,14,0,0
BRDA:18,14,1,2
BRDA:20,15,0,0
BRDA:20,15,1,2
BRDA:35,16,0,1
BRDA:35,16,1,1
BRDA:37,17,0,0
BRDA:37,17,1,1
BRDA:39,18,0,1
BRDA:39,18,1,0
BRDA:41,19,0,0
BRDA:41,19,1,1
BRDA:55,20,0,1
BRDA:55,20,1,0
BRDA:55,21,0,1
BRDA:55,21,1,1
BRF:24
BRH:16
end_of_record
